<?xml version="1.0" encoding="UTF-8"?>
<testsuites>
	<testsuite tests="12" errors="0" failures="0" time="0.012" timestamp="2015-09-09T15:21:22">
		<testcase classname="strain" name="keeps on empty array returns empty array" time="0.003">
		</testcase>
		<testcase classname="strain" name="keeps everything " time="0.001">
		</testcase>
		<testcase classname="strain" name="keeps first and last" time="0">
		</testcase>
		<testcase classname="strain" name="keeps neither first nor last" time="0.001">
		</testcase>
		<testcase classname="strain" name="keeps strings" time="0">
		</testcase>
		<testcase classname="strain" name="keeps arrays" time="0.001">
		</testcase>
		<testcase classname="strain" name="empty discard" time="0">
		</testcase>
		<testcase classname="strain" name="discards nothing" time="0">
		</testcase>
		<testcase classname="strain" name="discards first and last" time="0">
		</testcase>
		<testcase classname="strain" name="discards neither first nor last" time="0">
		</testcase>
		<testcase classname="strain" name="discards strings" time="0">
		</testcase>
		<testcase classname="strain" name="discards arrays" time="0">
		</testcase>
	</testsuite>
</testsuites>

